  [1m[35m (450.3ms)[0m  [1m[35mCREATE DATABASE "dropify_development" ENCODING = 'unicode'[0m
  ↳ bin/rails:9
  [1m[35m (319.5ms)[0m  [1m[35mCREATE DATABASE "dropify_test" ENCODING = 'unicode'[0m
  ↳ bin/rails:9
  [1m[35m (37.5ms)[0m  [1m[35mCREATE TABLE "schema_migrations" ("version" character varying NOT NULL PRIMARY KEY)[0m
  ↳ bin/rails:9
  [1m[35m (11.3ms)[0m  [1m[35mCREATE TABLE "ar_internal_metadata" ("key" character varying NOT NULL PRIMARY KEY, "value" character varying, "created_at" timestamp NOT NULL, "updated_at" timestamp NOT NULL)[0m
  ↳ bin/rails:9
  [1m[35m (2.2ms)[0m  [1m[34mSELECT pg_try_advisory_lock(3543885751508838540)[0m
  ↳ bin/rails:9
  [1m[35m (1.7ms)[0m  [1m[34mSELECT "schema_migrations"."version" FROM "schema_migrations" ORDER BY "schema_migrations"."version" ASC[0m
  ↳ bin/rails:9
Migrating to CreateUsers (20190528173920)
  [1m[35m (0.5ms)[0m  [1m[35mBEGIN[0m
  ↳ bin/rails:9
  [1m[35m (18.1ms)[0m  [1m[35mCREATE TABLE "users" ("id" bigserial primary key, "email" character varying NOT NULL, "username" character varying NOT NULL, "password_digest" character varying NOT NULL, "session_token" character varying NOT NULL, "birth_month" character varying NOT NULL, "birth_day" integer NOT NULL, "birth_year" integer NOT NULL, "gender" character varying NOT NULL, "country" character varying, "image_url" character varying, "created_at" timestamp NOT NULL, "updated_at" timestamp NOT NULL)[0m
  ↳ db/migrate/20190528173920_create_users.rb:3
  [1m[35m (3.0ms)[0m  [1m[35mCREATE UNIQUE INDEX  "index_users_on_username" ON "users"  ("username")[0m
  ↳ db/migrate/20190528173920_create_users.rb:17
  [1m[35m (2.1ms)[0m  [1m[35mCREATE UNIQUE INDEX  "index_users_on_session_token" ON "users"  ("session_token")[0m
  ↳ db/migrate/20190528173920_create_users.rb:18
  [1m[35m (2.4ms)[0m  [1m[35mCREATE UNIQUE INDEX  "index_users_on_password_digest" ON "users"  ("password_digest")[0m
  ↳ db/migrate/20190528173920_create_users.rb:19
  [1m[36mActiveRecord::SchemaMigration Create (3.9ms)[0m  [1m[32mINSERT INTO "schema_migrations" ("version") VALUES ($1) RETURNING "version"[0m  [["version", "20190528173920"]]
  ↳ bin/rails:9
  [1m[35m (1.5ms)[0m  [1m[35mCOMMIT[0m
  ↳ bin/rails:9
  [1m[36mActiveRecord::InternalMetadata Load (0.6ms)[0m  [1m[34mSELECT  "ar_internal_metadata".* FROM "ar_internal_metadata" WHERE "ar_internal_metadata"."key" = $1 LIMIT $2[0m  [["key", "environment"], ["LIMIT", 1]]
  ↳ bin/rails:9
  [1m[35m (0.2ms)[0m  [1m[35mBEGIN[0m
  ↳ bin/rails:9
  [1m[36mActiveRecord::InternalMetadata Create (2.5ms)[0m  [1m[32mINSERT INTO "ar_internal_metadata" ("key", "value", "created_at", "updated_at") VALUES ($1, $2, $3, $4) RETURNING "key"[0m  [["key", "environment"], ["value", "development"], ["created_at", "2019-05-28 18:02:08.263926"], ["updated_at", "2019-05-28 18:02:08.263926"]]
  ↳ bin/rails:9
  [1m[35m (1.4ms)[0m  [1m[35mCOMMIT[0m
  ↳ bin/rails:9
  [1m[35m (0.4ms)[0m  [1m[34mSELECT pg_advisory_unlock(3543885751508838540)[0m
  ↳ bin/rails:9
  [1m[35m (1.5ms)[0m  [1m[34mSELECT "schema_migrations"."version" FROM "schema_migrations" ORDER BY "schema_migrations"."version" ASC[0m
  ↳ bin/rails:9
  [1m[35m (1.0ms)[0m  [1m[34mSELECT "schema_migrations"."version" FROM "schema_migrations" ORDER BY "schema_migrations"."version" ASC[0m
  ↳ /Users/jeffreytseng/.rbenv/versions/2.5.1/bin/annotate:23
  [1m[35m (2.9ms)[0m  [1m[34mSELECT "schema_migrations"."version" FROM "schema_migrations" ORDER BY "schema_migrations"."version" ASC[0m
  ↳ /Users/jeffreytseng/.rbenv/versions/2.5.1/bin/annotate:23
Started GET "/" for ::1 at 2019-05-28 15:37:16 -0400
  [1m[35m (4.9ms)[0m  [1m[34mSELECT "schema_migrations"."version" FROM "schema_migrations" ORDER BY "schema_migrations"."version" ASC[0m
  ↳ /Users/jeffreytseng/.rbenv/versions/2.5.1/lib/ruby/gems/2.5.0/gems/activerecord-5.2.3/lib/active_record/log_subscriber.rb:98
Processing by StaticPagesController#root as HTML
Completed 406 Not Acceptable in 82ms (ActiveRecord: 0.0ms)



ActionController::UnknownFormat - StaticPagesController#root is missing a template for this request format and variant.

request.formats: ["text/html"]
request.variant: []

NOTE! For XHR/Ajax or API requests, this action would normally respond with 204 No Content: an empty white screen. Since you're loading it in a web browser, we assume that you expected to actually render a template, not nothing, so we're showing an error to be extra-clear. If you expect 204 No Content, carry on. That's what you'll get from an XHR or API request. Give it a shot.:

Started POST "/__better_errors/3fb3a2c58e7e258a/variables" for ::1 at 2019-05-28 15:37:17 -0400
Started GET "/" for ::1 at 2019-05-28 15:40:53 -0400
Processing by StaticPagesController#root as HTML
Completed 406 Not Acceptable in 88ms (ActiveRecord: 0.0ms)



ActionController::UnknownFormat - StaticPagesController#root is missing a template for this request format and variant.

request.formats: ["text/html"]
request.variant: []

NOTE! For XHR/Ajax or API requests, this action would normally respond with 204 No Content: an empty white screen. Since you're loading it in a web browser, we assume that you expected to actually render a template, not nothing, so we're showing an error to be extra-clear. If you expect 204 No Content, carry on. That's what you'll get from an XHR or API request. Give it a shot.:

Started POST "/__better_errors/2d0515a6724249c7/variables" for ::1 at 2019-05-28 15:40:54 -0400
Started GET "/" for ::1 at 2019-05-28 15:41:42 -0400
Processing by StaticPagesController#root as HTML
Completed 406 Not Acceptable in 87ms (ActiveRecord: 0.0ms)



ActionController::UnknownFormat - StaticPagesController#root is missing a template for this request format and variant.

request.formats: ["text/html"]
request.variant: []

NOTE! For XHR/Ajax or API requests, this action would normally respond with 204 No Content: an empty white screen. Since you're loading it in a web browser, we assume that you expected to actually render a template, not nothing, so we're showing an error to be extra-clear. If you expect 204 No Content, carry on. That's what you'll get from an XHR or API request. Give it a shot.:

Started POST "/__better_errors/40ef4c04ba85f09b/variables" for ::1 at 2019-05-28 15:41:42 -0400
Started GET "/" for ::1 at 2019-05-28 15:43:08 -0400
Processing by StaticPagesController#root as HTML
Completed 406 Not Acceptable in 85ms (ActiveRecord: 0.0ms)



ActionController::UnknownFormat - StaticPagesController#root is missing a template for this request format and variant.

request.formats: ["text/html"]
request.variant: []

NOTE! For XHR/Ajax or API requests, this action would normally respond with 204 No Content: an empty white screen. Since you're loading it in a web browser, we assume that you expected to actually render a template, not nothing, so we're showing an error to be extra-clear. If you expect 204 No Content, carry on. That's what you'll get from an XHR or API request. Give it a shot.:

Started POST "/__better_errors/03d57a9023b68c23/variables" for ::1 at 2019-05-28 15:43:08 -0400
Started GET "/" for ::1 at 2019-05-28 15:43:32 -0400
Processing by StaticPagesController#root as HTML
  Rendering static_pages/root.html within layouts/application
  Rendered static_pages/root.html within layouts/application (3.0ms)
Started GET "/" for ::1 at 2019-05-28 15:43:34 -0400
Processing by StaticPagesController#root as HTML
  Rendering static_pages/root.html within layouts/application
  Rendered static_pages/root.html within layouts/application (0.3ms)
Completed 200 OK in 3396ms (Views: 3393.4ms | ActiveRecord: 0.0ms)


Completed 200 OK in 1490ms (Views: 1487.9ms | ActiveRecord: 0.0ms)


  [1m[36mUser Load (6.7ms)[0m  [1m[34mSELECT "users".* FROM "users"[0m
  [1m[35m (0.4ms)[0m  [1m[35mBEGIN[0m
  [1m[35m (0.3ms)[0m  [1m[31mROLLBACK[0m
Started GET "/" for ::1 at 2019-05-28 16:51:33 -0400
Processing by StaticPagesController#root as HTML
  Rendering static_pages/root.html within layouts/application
  Rendered static_pages/root.html within layouts/application (1.0ms)
Completed 200 OK in 72ms (Views: 67.9ms | ActiveRecord: 0.0ms)


Started GET "/" for ::1 at 2019-05-29 11:53:19 -0400
  [1m[35m (2.5ms)[0m  [1m[34mSELECT "schema_migrations"."version" FROM "schema_migrations" ORDER BY "schema_migrations"."version" ASC[0m
  ↳ /Users/jeffreytseng/.rbenv/versions/2.5.1/lib/ruby/gems/2.5.0/gems/activerecord-5.2.3/lib/active_record/log_subscriber.rb:98
Processing by StaticPagesController#root as HTML
  Rendering static_pages/root.html within layouts/application
  Rendered static_pages/root.html within layouts/application (2.8ms)
Completed 200 OK in 2428ms (Views: 2424.5ms | ActiveRecord: 0.0ms)


Started GET "/" for ::1 at 2019-05-29 11:53:22 -0400
Processing by StaticPagesController#root as HTML
  Rendering static_pages/root.html within layouts/application
  Rendered static_pages/root.html within layouts/application (0.5ms)
Completed 200 OK in 47ms (Views: 43.9ms | ActiveRecord: 0.0ms)


Started GET "/" for ::1 at 2019-05-29 11:53:54 -0400
Processing by StaticPagesController#root as HTML
  Rendering static_pages/root.html within layouts/application
  Rendered static_pages/root.html within layouts/application (0.5ms)
Completed 200 OK in 101ms (Views: 97.1ms | ActiveRecord: 0.0ms)


Started GET "/" for ::1 at 2019-05-29 11:54:44 -0400
Processing by StaticPagesController#root as HTML
  Rendering static_pages/root.html within layouts/application
  Rendered static_pages/root.html within layouts/application (0.5ms)
Completed 200 OK in 65ms (Views: 60.3ms | ActiveRecord: 0.0ms)


Started GET "/" for ::1 at 2019-05-29 11:54:49 -0400
Processing by StaticPagesController#root as HTML
  Rendering static_pages/root.html within layouts/application
  Rendered static_pages/root.html within layouts/application (0.3ms)
Completed 200 OK in 39ms (Views: 35.5ms | ActiveRecord: 0.0ms)


Started GET "/" for ::1 at 2019-05-29 12:00:43 -0400
Processing by StaticPagesController#root as HTML
  Rendering static_pages/root.html within layouts/application
  Rendered static_pages/root.html within layouts/application (0.3ms)
Completed 200 OK in 568ms (Views: 564.7ms | ActiveRecord: 0.0ms)


Started GET "/" for ::1 at 2019-05-29 12:00:50 -0400
Processing by StaticPagesController#root as HTML
  Rendering static_pages/root.html within layouts/application
  Rendered static_pages/root.html within layouts/application (0.3ms)
Completed 200 OK in 65ms (Views: 61.9ms | ActiveRecord: 0.0ms)


Started GET "/" for ::1 at 2019-05-29 12:06:01 -0400
Processing by StaticPagesController#root as HTML
  Rendering static_pages/root.html within layouts/application
  Rendered static_pages/root.html within layouts/application (0.3ms)
Completed 200 OK in 67ms (Views: 62.0ms | ActiveRecord: 0.0ms)


Started GET "/" for ::1 at 2019-05-29 12:06:30 -0400
Processing by StaticPagesController#root as HTML
  Rendering static_pages/root.html within layouts/application
  Rendered static_pages/root.html within layouts/application (0.4ms)
Completed 200 OK in 556ms (Views: 551.2ms | ActiveRecord: 0.0ms)


Started GET "/" for ::1 at 2019-05-29 12:06:59 -0400
Processing by StaticPagesController#root as HTML
  Rendering static_pages/root.html within layouts/application
  Rendered static_pages/root.html within layouts/application (0.3ms)
Completed 200 OK in 488ms (Views: 483.7ms | ActiveRecord: 0.0ms)


Started POST "/api/session" for ::1 at 2019-05-29 12:20:01 -0400

LoadError - Unable to autoload constant Api::SessionsController, expected /Users/jeffreytseng/Desktop/dropify/app/controllers/api/sessions_controller.rb to define it:

Started GET "/" for ::1 at 2019-05-29 12:49:52 -0400
Processing by StaticPagesController#root as HTML
  Rendering static_pages/root.html within layouts/application
  Rendered static_pages/root.html within layouts/application (0.6ms)
Completed 200 OK in 662ms (Views: 656.2ms | ActiveRecord: 0.0ms)


Started GET "/" for ::1 at 2019-05-29 12:50:46 -0400
Processing by StaticPagesController#root as HTML
  Rendering static_pages/root.html within layouts/application
  Rendered static_pages/root.html within layouts/application (0.3ms)
Completed 200 OK in 68ms (Views: 65.0ms | ActiveRecord: 0.0ms)


Started GET "/" for ::1 at 2019-05-29 12:59:19 -0400
Processing by StaticPagesController#root as HTML
  Rendering static_pages/root.html within layouts/application
  Rendered static_pages/root.html within layouts/application (0.3ms)
Completed 200 OK in 444ms (Views: 441.7ms | ActiveRecord: 0.0ms)


Started GET "/" for ::1 at 2019-05-29 12:59:43 -0400
Processing by StaticPagesController#root as HTML
  Rendering static_pages/root.html within layouts/application
  Rendered static_pages/root.html within layouts/application (0.3ms)
Completed 200 OK in 470ms (Views: 466.2ms | ActiveRecord: 0.0ms)


Started GET "/" for ::1 at 2019-05-29 13:02:48 -0400
Processing by StaticPagesController#root as HTML
  Rendering static_pages/root.html within layouts/application
  Rendered static_pages/root.html within layouts/application (0.6ms)
Completed 200 OK in 726ms (Views: 721.2ms | ActiveRecord: 0.0ms)


Started GET "/" for ::1 at 2019-05-29 13:03:33 -0400
Processing by StaticPagesController#root as HTML
  Rendering static_pages/root.html within layouts/application
  Rendered static_pages/root.html within layouts/application (0.5ms)
Completed 200 OK in 453ms (Views: 449.2ms | ActiveRecord: 0.0ms)


Started GET "/" for ::1 at 2019-05-29 13:04:09 -0400
Processing by StaticPagesController#root as HTML
  Rendering static_pages/root.html within layouts/application
  Rendered static_pages/root.html within layouts/application (0.2ms)
Completed 200 OK in 433ms (Views: 429.5ms | ActiveRecord: 0.0ms)


Started POST "/api/users" for ::1 at 2019-05-29 13:24:34 -0400
Processing by Api::UsersController#create as JSON
  Parameters: {"user"=>{"email"=>"123", "password"=>"[FILTERED]", "username"=>"123", "birth_month"=>"", "birth_day"=>"12", "birth_year"=>"1234", "gender"=>""}}
  [1m[35m (0.3ms)[0m  [1m[35mBEGIN[0m
  ↳ app/controllers/api/users_controller.rb:5
  [1m[35m (0.3ms)[0m  [1m[31mROLLBACK[0m
  ↳ app/controllers/api/users_controller.rb:5
Completed 422 Unprocessable Entity in 125ms (Views: 0.3ms | ActiveRecord: 11.6ms)


Started POST "/api/users" for ::1 at 2019-05-29 13:24:37 -0400
Processing by Api::UsersController#create as JSON
  Parameters: {"user"=>{"email"=>"123", "password"=>"[FILTERED]", "username"=>"123", "birth_month"=>"", "birth_day"=>"12", "birth_year"=>"1234", "gender"=>""}}
  [1m[35m (0.2ms)[0m  [1m[35mBEGIN[0m
  ↳ app/controllers/api/users_controller.rb:5
  [1m[35m (0.2ms)[0m  [1m[31mROLLBACK[0m
  ↳ app/controllers/api/users_controller.rb:5
Completed 422 Unprocessable Entity in 92ms (Views: 0.2ms | ActiveRecord: 0.5ms)


Started POST "/api/users" for ::1 at 2019-05-29 13:24:37 -0400
Processing by Api::UsersController#create as JSON
  Parameters: {"user"=>{"email"=>"123", "password"=>"[FILTERED]", "username"=>"123", "birth_month"=>"", "birth_day"=>"12", "birth_year"=>"1234", "gender"=>""}}
  [1m[35m (0.2ms)[0m  [1m[35mBEGIN[0m
  ↳ app/controllers/api/users_controller.rb:5
  [1m[35m (0.3ms)[0m  [1m[31mROLLBACK[0m
  ↳ app/controllers/api/users_controller.rb:5
Completed 422 Unprocessable Entity in 75ms (Views: 0.2ms | ActiveRecord: 0.5ms)


Started POST "/api/users" for ::1 at 2019-05-29 13:24:38 -0400
Processing by Api::UsersController#create as JSON
  Parameters: {"user"=>{"email"=>"123", "password"=>"[FILTERED]", "username"=>"123", "birth_month"=>"", "birth_day"=>"12", "birth_year"=>"1234", "gender"=>""}}
  [1m[35m (0.2ms)[0m  [1m[35mBEGIN[0m
  ↳ app/controllers/api/users_controller.rb:5
  [1m[35m (0.2ms)[0m  [1m[31mROLLBACK[0m
  ↳ app/controllers/api/users_controller.rb:5
Completed 422 Unprocessable Entity in 74ms (Views: 0.2ms | ActiveRecord: 0.5ms)


Started POST "/api/users" for ::1 at 2019-05-29 13:24:38 -0400
Processing by Api::UsersController#create as JSON
  Parameters: {"user"=>{"email"=>"123", "password"=>"[FILTERED]", "username"=>"123", "birth_month"=>"", "birth_day"=>"12", "birth_year"=>"1234", "gender"=>""}}
  [1m[35m (0.2ms)[0m  [1m[35mBEGIN[0m
  ↳ app/controllers/api/users_controller.rb:5
  [1m[35m (0.3ms)[0m  [1m[31mROLLBACK[0m
  ↳ app/controllers/api/users_controller.rb:5
Completed 422 Unprocessable Entity in 77ms (Views: 0.2ms | ActiveRecord: 0.5ms)


Started POST "/api/users" for ::1 at 2019-05-29 13:24:38 -0400
Processing by Api::UsersController#create as JSON
  Parameters: {"user"=>{"email"=>"123", "password"=>"[FILTERED]", "username"=>"123", "birth_month"=>"", "birth_day"=>"12", "birth_year"=>"1234", "gender"=>""}}
  [1m[35m (0.2ms)[0m  [1m[35mBEGIN[0m
  ↳ app/controllers/api/users_controller.rb:5
  [1m[35m (0.2ms)[0m  [1m[31mROLLBACK[0m
  ↳ app/controllers/api/users_controller.rb:5
Completed 422 Unprocessable Entity in 77ms (Views: 0.2ms | ActiveRecord: 0.4ms)


Started POST "/api/users" for ::1 at 2019-05-29 13:24:38 -0400
Processing by Api::UsersController#create as JSON
  Parameters: {"user"=>{"email"=>"123", "password"=>"[FILTERED]", "username"=>"123", "birth_month"=>"", "birth_day"=>"12", "birth_year"=>"1234", "gender"=>""}}
  [1m[35m (0.2ms)[0m  [1m[35mBEGIN[0m
  ↳ app/controllers/api/users_controller.rb:5
  [1m[35m (0.2ms)[0m  [1m[31mROLLBACK[0m
  ↳ app/controllers/api/users_controller.rb:5
Completed 422 Unprocessable Entity in 77ms (Views: 0.2ms | ActiveRecord: 0.4ms)


Started POST "/api/users" for ::1 at 2019-05-29 13:24:38 -0400
Processing by Api::UsersController#create as JSON
  Parameters: {"user"=>{"email"=>"123", "password"=>"[FILTERED]", "username"=>"123", "birth_month"=>"", "birth_day"=>"12", "birth_year"=>"1234", "gender"=>""}}
  [1m[35m (0.3ms)[0m  [1m[35mBEGIN[0m
  ↳ app/controllers/api/users_controller.rb:5
  [1m[35m (0.2ms)[0m  [1m[31mROLLBACK[0m
  ↳ app/controllers/api/users_controller.rb:5
Completed 422 Unprocessable Entity in 93ms (Views: 0.2ms | ActiveRecord: 0.5ms)


Started POST "/api/users" for ::1 at 2019-05-29 13:24:39 -0400
Processing by Api::UsersController#create as JSON
  Parameters: {"user"=>{"email"=>"123", "password"=>"[FILTERED]", "username"=>"123", "birth_month"=>"", "birth_day"=>"12", "birth_year"=>"1234", "gender"=>""}}
  [1m[35m (0.2ms)[0m  [1m[35mBEGIN[0m
  ↳ app/controllers/api/users_controller.rb:5
  [1m[35m (0.2ms)[0m  [1m[31mROLLBACK[0m
  ↳ app/controllers/api/users_controller.rb:5
Completed 422 Unprocessable Entity in 72ms (Views: 0.2ms | ActiveRecord: 0.5ms)


Started POST "/api/users" for ::1 at 2019-05-29 13:24:39 -0400
Processing by Api::UsersController#create as JSON
  Parameters: {"user"=>{"email"=>"123", "password"=>"[FILTERED]", "username"=>"123", "birth_month"=>"", "birth_day"=>"12", "birth_year"=>"1234", "gender"=>""}}
  [1m[35m (0.3ms)[0m  [1m[35mBEGIN[0m
  ↳ app/controllers/api/users_controller.rb:5
  [1m[35m (0.2ms)[0m  [1m[31mROLLBACK[0m
  ↳ app/controllers/api/users_controller.rb:5
Completed 422 Unprocessable Entity in 74ms (Views: 0.3ms | ActiveRecord: 0.5ms)


Started POST "/api/users" for ::1 at 2019-05-29 13:24:39 -0400
Processing by Api::UsersController#create as JSON
  Parameters: {"user"=>{"email"=>"123", "password"=>"[FILTERED]", "username"=>"123", "birth_month"=>"", "birth_day"=>"12", "birth_year"=>"1234", "gender"=>""}}
  [1m[35m (0.2ms)[0m  [1m[35mBEGIN[0m
  ↳ app/controllers/api/users_controller.rb:5
  [1m[35m (0.2ms)[0m  [1m[31mROLLBACK[0m
  ↳ app/controllers/api/users_controller.rb:5
Completed 422 Unprocessable Entity in 75ms (Views: 0.2ms | ActiveRecord: 0.4ms)


Started POST "/api/users" for ::1 at 2019-05-29 13:24:40 -0400
Processing by Api::UsersController#create as JSON
  Parameters: {"user"=>{"email"=>"123", "password"=>"[FILTERED]", "username"=>"123", "birth_month"=>"", "birth_day"=>"12", "birth_year"=>"1234", "gender"=>""}}
  [1m[35m (0.2ms)[0m  [1m[35mBEGIN[0m
  ↳ app/controllers/api/users_controller.rb:5
  [1m[35m (0.3ms)[0m  [1m[31mROLLBACK[0m
  ↳ app/controllers/api/users_controller.rb:5
Completed 422 Unprocessable Entity in 71ms (Views: 0.2ms | ActiveRecord: 0.5ms)


Started GET "/" for ::1 at 2019-05-29 13:25:00 -0400
Processing by StaticPagesController#root as HTML
  Rendering static_pages/root.html within layouts/application
  Rendered static_pages/root.html within layouts/application (0.4ms)
Completed 200 OK in 460ms (Views: 456.6ms | ActiveRecord: 0.0ms)


Started GET "/" for ::1 at 2019-05-29 13:51:44 -0400
Processing by StaticPagesController#root as HTML
  Rendering static_pages/root.html within layouts/application
  Rendered static_pages/root.html within layouts/application (0.5ms)
Completed 200 OK in 69ms (Views: 66.4ms | ActiveRecord: 0.0ms)


Started GET "/" for ::1 at 2019-05-29 14:09:22 -0400
Processing by StaticPagesController#root as HTML
  Rendering static_pages/root.html within layouts/application
  Rendered static_pages/root.html within layouts/application (0.4ms)
Completed 200 OK in 513ms (Views: 508.6ms | ActiveRecord: 0.0ms)


Started GET "/" for ::1 at 2019-05-29 14:10:45 -0400
Processing by StaticPagesController#root as HTML
  Rendering static_pages/root.html within layouts/application
  Rendered static_pages/root.html within layouts/application (0.4ms)
Completed 200 OK in 93ms (Views: 88.8ms | ActiveRecord: 0.0ms)


Started GET "/" for ::1 at 2019-05-29 14:18:46 -0400
Processing by StaticPagesController#root as HTML
  Rendering static_pages/root.html within layouts/application
  Rendered static_pages/root.html within layouts/application (1.4ms)
Completed 200 OK in 681ms (Views: 675.6ms | ActiveRecord: 0.0ms)


Started GET "/" for ::1 at 2019-05-29 14:18:54 -0400
Processing by StaticPagesController#root as HTML
  Rendering static_pages/root.html within layouts/application
  Rendered static_pages/root.html within layouts/application (0.3ms)
Completed 200 OK in 75ms (Views: 72.0ms | ActiveRecord: 0.0ms)


Started GET "/" for ::1 at 2019-05-29 14:19:55 -0400
Processing by StaticPagesController#root as HTML
  Rendering static_pages/root.html within layouts/application
  Rendered static_pages/root.html within layouts/application (1.2ms)
Completed 200 OK in 77ms (Views: 74.7ms | ActiveRecord: 0.0ms)


Started GET "/" for ::1 at 2019-05-29 14:20:07 -0400
Processing by StaticPagesController#root as HTML
  Rendering static_pages/root.html within layouts/application
  Rendered static_pages/root.html within layouts/application (0.6ms)
Completed 200 OK in 459ms (Views: 455.0ms | ActiveRecord: 0.0ms)


Started GET "/" for ::1 at 2019-05-29 14:20:12 -0400
Processing by StaticPagesController#root as HTML
  Rendering static_pages/root.html within layouts/application
  Rendered static_pages/root.html within layouts/application (0.4ms)
Completed 200 OK in 55ms (Views: 53.0ms | ActiveRecord: 0.0ms)


Started GET "/" for ::1 at 2019-05-29 14:21:13 -0400
Processing by StaticPagesController#root as HTML
  Rendering static_pages/root.html within layouts/application
  Rendered static_pages/root.html within layouts/application (0.5ms)
Completed 200 OK in 534ms (Views: 529.9ms | ActiveRecord: 0.0ms)


Started GET "/" for ::1 at 2019-05-29 14:21:40 -0400
Processing by StaticPagesController#root as HTML
  Rendering static_pages/root.html within layouts/application
  Rendered static_pages/root.html within layouts/application (0.5ms)
Completed 200 OK in 80ms (Views: 76.2ms | ActiveRecord: 0.0ms)


Started GET "/" for ::1 at 2019-05-29 14:22:37 -0400
Processing by StaticPagesController#root as HTML
  Rendering static_pages/root.html within layouts/application
  Rendered static_pages/root.html within layouts/application (0.4ms)
Completed 200 OK in 596ms (Views: 591.1ms | ActiveRecord: 0.0ms)


Started GET "/" for ::1 at 2019-05-29 14:22:50 -0400
Processing by StaticPagesController#root as HTML
  Rendering static_pages/root.html within layouts/application
  Rendered static_pages/root.html within layouts/application (0.5ms)
Completed 200 OK in 527ms (Views: 524.0ms | ActiveRecord: 0.0ms)


Started GET "/" for ::1 at 2019-05-29 14:23:54 -0400
Processing by StaticPagesController#root as HTML
  Rendering static_pages/root.html within layouts/application
  Rendered static_pages/root.html within layouts/application (1.5ms)
Completed 200 OK in 253ms (Views: 246.2ms | ActiveRecord: 0.0ms)


Started GET "/" for ::1 at 2019-05-29 14:24:08 -0400
Processing by StaticPagesController#root as HTML
  Rendering static_pages/root.html within layouts/application
  Rendered static_pages/root.html within layouts/application (0.5ms)
Completed 200 OK in 106ms (Views: 103.7ms | ActiveRecord: 0.0ms)


Started GET "/" for ::1 at 2019-05-29 14:24:19 -0400
Processing by StaticPagesController#root as HTML
  Rendering static_pages/root.html within layouts/application
  Rendered static_pages/root.html within layouts/application (0.3ms)
Completed 200 OK in 72ms (Views: 68.4ms | ActiveRecord: 0.0ms)


Started GET "/" for ::1 at 2019-05-29 14:28:46 -0400
  [1m[35m (1.1ms)[0m  [1m[34mSELECT "schema_migrations"."version" FROM "schema_migrations" ORDER BY "schema_migrations"."version" ASC[0m
  ↳ /Users/jeffreytseng/.rbenv/versions/2.5.1/lib/ruby/gems/2.5.0/gems/activerecord-5.2.3/lib/active_record/log_subscriber.rb:98
Processing by StaticPagesController#root as HTML
  Rendering static_pages/root.html within layouts/application
  Rendered static_pages/root.html within layouts/application (2.8ms)
Completed 200 OK in 3286ms (Views: 3282.6ms | ActiveRecord: 0.0ms)


Started GET "/" for ::1 at 2019-05-29 14:33:30 -0400
Processing by StaticPagesController#root as HTML
  Rendering static_pages/root.html within layouts/application
  Rendered static_pages/root.html within layouts/application (0.3ms)
Completed 200 OK in 131ms (Views: 127.1ms | ActiveRecord: 0.0ms)


Started GET "/" for ::1 at 2019-05-29 14:34:35 -0400
Processing by StaticPagesController#root as HTML
  Rendering static_pages/root.html within layouts/application
  Rendered static_pages/root.html within layouts/application (0.3ms)
Completed 200 OK in 112ms (Views: 106.5ms | ActiveRecord: 0.0ms)


Started GET "/" for ::1 at 2019-05-29 14:36:43 -0400
Processing by StaticPagesController#root as HTML
  Rendering static_pages/root.html within layouts/application
  Rendered static_pages/root.html within layouts/application (0.3ms)
Completed 200 OK in 127ms (Views: 123.1ms | ActiveRecord: 0.0ms)


Started GET "/" for ::1 at 2019-05-29 14:38:39 -0400
Processing by StaticPagesController#root as HTML
  Rendering static_pages/root.html within layouts/application
  Rendered static_pages/root.html within layouts/application (0.4ms)
Completed 200 OK in 127ms (Views: 124.1ms | ActiveRecord: 0.0ms)


Started GET "/" for ::1 at 2019-05-29 14:38:56 -0400
Processing by StaticPagesController#root as HTML
  Rendering static_pages/root.html within layouts/application
  Rendered static_pages/root.html within layouts/application (0.4ms)
Completed 200 OK in 73ms (Views: 70.6ms | ActiveRecord: 0.0ms)


Started GET "/" for ::1 at 2019-05-29 14:39:13 -0400
Processing by StaticPagesController#root as HTML
  Rendering static_pages/root.html within layouts/application
  Rendered static_pages/root.html within layouts/application (0.5ms)
Completed 200 OK in 77ms (Views: 72.7ms | ActiveRecord: 0.0ms)


Started GET "/" for ::1 at 2019-05-29 14:39:19 -0400
Processing by StaticPagesController#root as HTML
  Rendering static_pages/root.html within layouts/application
  Rendered static_pages/root.html within layouts/application (0.7ms)
Completed 200 OK in 72ms (Views: 69.7ms | ActiveRecord: 0.0ms)


Started GET "/" for ::1 at 2019-05-29 14:39:39 -0400
Processing by StaticPagesController#root as HTML
  Rendering static_pages/root.html within layouts/application
  Rendered static_pages/root.html within layouts/application (0.4ms)
Completed 200 OK in 194ms (Views: 189.5ms | ActiveRecord: 0.0ms)


Started GET "/" for ::1 at 2019-05-29 14:39:54 -0400
Processing by StaticPagesController#root as HTML
  Rendering static_pages/root.html within layouts/application
  Rendered static_pages/root.html within layouts/application (0.4ms)
Completed 200 OK in 205ms (Views: 201.0ms | ActiveRecord: 0.0ms)


Started GET "/" for ::1 at 2019-05-29 14:40:59 -0400
Processing by StaticPagesController#root as HTML
  Rendering static_pages/root.html within layouts/application
  Rendered static_pages/root.html within layouts/application (0.5ms)
Completed 200 OK in 539ms (Views: 534.5ms | ActiveRecord: 0.0ms)


Started GET "/" for ::1 at 2019-05-29 14:41:09 -0400
Processing by StaticPagesController#root as HTML
  Rendering static_pages/root.html within layouts/application
  Rendered static_pages/root.html within layouts/application (0.3ms)
Completed 200 OK in 541ms (Views: 537.9ms | ActiveRecord: 0.0ms)


Started GET "/" for ::1 at 2019-05-29 14:41:13 -0400
Processing by StaticPagesController#root as HTML
  Rendering static_pages/root.html within layouts/application
  Rendered static_pages/root.html within layouts/application (0.3ms)
Completed 200 OK in 47ms (Views: 43.5ms | ActiveRecord: 0.0ms)


Started GET "/" for ::1 at 2019-05-29 14:41:43 -0400
Processing by StaticPagesController#root as HTML
  Rendering static_pages/root.html within layouts/application
  Rendered static_pages/root.html within layouts/application (0.6ms)
Completed 200 OK in 503ms (Views: 498.8ms | ActiveRecord: 0.0ms)


Started GET "/" for ::1 at 2019-05-29 14:41:55 -0400
Processing by StaticPagesController#root as HTML
  Rendering static_pages/root.html within layouts/application
  Rendered static_pages/root.html within layouts/application (0.4ms)
Completed 200 OK in 540ms (Views: 535.8ms | ActiveRecord: 0.0ms)


Started GET "/" for ::1 at 2019-05-29 14:42:16 -0400
Processing by StaticPagesController#root as HTML
  Rendering static_pages/root.html within layouts/application
  Rendered static_pages/root.html within layouts/application (0.4ms)
Completed 200 OK in 137ms (Views: 131.8ms | ActiveRecord: 0.0ms)


Started GET "/" for ::1 at 2019-05-29 14:43:42 -0400
Processing by StaticPagesController#root as HTML
  Rendering static_pages/root.html within layouts/application
  Rendered static_pages/root.html within layouts/application (0.3ms)
Completed 200 OK in 119ms (Views: 115.3ms | ActiveRecord: 0.0ms)


Started GET "/" for ::1 at 2019-05-29 14:44:16 -0400
Processing by StaticPagesController#root as HTML
  Rendering static_pages/root.html within layouts/application
  Rendered static_pages/root.html within layouts/application (0.5ms)
Completed 200 OK in 69ms (Views: 66.4ms | ActiveRecord: 0.0ms)


Started GET "/" for ::1 at 2019-05-29 14:45:22 -0400
Processing by StaticPagesController#root as HTML
  Rendering static_pages/root.html within layouts/application
  Rendered static_pages/root.html within layouts/application (0.9ms)
Completed 200 OK in 766ms (Views: 762.8ms | ActiveRecord: 0.0ms)


Started GET "/" for ::1 at 2019-05-29 14:46:52 -0400
Processing by StaticPagesController#root as HTML
  Rendering static_pages/root.html within layouts/application
  Rendered static_pages/root.html within layouts/application (0.5ms)
Completed 200 OK in 96ms (Views: 90.7ms | ActiveRecord: 0.0ms)


Started GET "/" for ::1 at 2019-05-29 14:47:54 -0400
Processing by StaticPagesController#root as HTML
  Rendering static_pages/root.html within layouts/application
  Rendered static_pages/root.html within layouts/application (0.3ms)
Completed 200 OK in 69ms (Views: 65.9ms | ActiveRecord: 0.0ms)


Started GET "/" for ::1 at 2019-05-29 14:48:03 -0400
Processing by StaticPagesController#root as HTML
  Rendering static_pages/root.html within layouts/application
  Rendered static_pages/root.html within layouts/application (0.4ms)
Completed 200 OK in 70ms (Views: 66.8ms | ActiveRecord: 0.0ms)


Started GET "/" for ::1 at 2019-05-29 14:48:16 -0400
Processing by StaticPagesController#root as HTML
  Rendering static_pages/root.html within layouts/application
  Rendered static_pages/root.html within layouts/application (0.4ms)
Completed 200 OK in 35ms (Views: 32.9ms | ActiveRecord: 0.0ms)


Started GET "/" for ::1 at 2019-05-29 14:49:26 -0400
Processing by StaticPagesController#root as HTML
  Rendering static_pages/root.html within layouts/application
  Rendered static_pages/root.html within layouts/application (0.3ms)
Completed 200 OK in 580ms (Views: 577.1ms | ActiveRecord: 0.0ms)


Started GET "/" for ::1 at 2019-05-29 14:51:37 -0400
Processing by StaticPagesController#root as HTML
  Rendering static_pages/root.html within layouts/application
  Rendered static_pages/root.html within layouts/application (2.4ms)
Completed 200 OK in 229ms (Views: 222.4ms | ActiveRecord: 0.0ms)


Started GET "/" for ::1 at 2019-05-29 14:52:08 -0400
Processing by StaticPagesController#root as HTML
  Rendering static_pages/root.html within layouts/application
  Rendered static_pages/root.html within layouts/application (0.3ms)
Completed 200 OK in 115ms (Views: 110.5ms | ActiveRecord: 0.0ms)


Started GET "/" for ::1 at 2019-05-29 14:52:37 -0400
Processing by StaticPagesController#root as HTML
  Rendering static_pages/root.html within layouts/application
  Rendered static_pages/root.html within layouts/application (0.5ms)
Completed 200 OK in 104ms (Views: 99.6ms | ActiveRecord: 0.0ms)


Started GET "/" for ::1 at 2019-05-29 15:03:53 -0400
Processing by StaticPagesController#root as HTML
  Rendering static_pages/root.html within layouts/application
  Rendered static_pages/root.html within layouts/application (1.9ms)
Completed 200 OK in 204ms (Views: 198.1ms | ActiveRecord: 0.0ms)


Started GET "/" for ::1 at 2019-05-29 15:07:52 -0400
Processing by StaticPagesController#root as HTML
  Rendering static_pages/root.html within layouts/application
  Rendered static_pages/root.html within layouts/application (0.9ms)
Completed 200 OK in 658ms (Views: 653.6ms | ActiveRecord: 0.0ms)


Started GET "/" for ::1 at 2019-05-29 15:10:49 -0400
Processing by StaticPagesController#root as HTML
  Rendering static_pages/root.html within layouts/application
  Rendered static_pages/root.html within layouts/application (0.5ms)
Completed 200 OK in 471ms (Views: 465.6ms | ActiveRecord: 0.0ms)


Started GET "/" for ::1 at 2019-05-29 15:11:58 -0400
Processing by StaticPagesController#root as HTML
  Rendering static_pages/root.html within layouts/application
  Rendered static_pages/root.html within layouts/application (0.4ms)
Completed 200 OK in 188ms (Views: 182.2ms | ActiveRecord: 0.0ms)


Started GET "/" for ::1 at 2019-05-29 15:12:42 -0400
Processing by StaticPagesController#root as HTML
  Rendering static_pages/root.html within layouts/application
  Rendered static_pages/root.html within layouts/application (0.5ms)
Completed 200 OK in 82ms (Views: 78.0ms | ActiveRecord: 0.0ms)


Started GET "/" for ::1 at 2019-05-29 15:12:59 -0400
Processing by StaticPagesController#root as HTML
  Rendering static_pages/root.html within layouts/application
  Rendered static_pages/root.html within layouts/application (0.3ms)
Completed 200 OK in 93ms (Views: 89.5ms | ActiveRecord: 0.0ms)


Started GET "/" for ::1 at 2019-05-29 15:15:15 -0400
Processing by StaticPagesController#root as HTML
  Rendering static_pages/root.html within layouts/application
  Rendered static_pages/root.html within layouts/application (0.4ms)
Completed 200 OK in 536ms (Views: 529.8ms | ActiveRecord: 0.0ms)


Started GET "/" for ::1 at 2019-05-29 15:16:54 -0400
Processing by StaticPagesController#root as HTML
  Rendering static_pages/root.html within layouts/application
  Rendered static_pages/root.html within layouts/application (0.4ms)
Completed 200 OK in 98ms (Views: 94.0ms | ActiveRecord: 0.0ms)


Started GET "/" for ::1 at 2019-05-29 15:18:23 -0400
Processing by StaticPagesController#root as HTML
  Rendering static_pages/root.html within layouts/application
  Rendered static_pages/root.html within layouts/application (0.3ms)
Completed 200 OK in 147ms (Views: 143.1ms | ActiveRecord: 0.0ms)


Started GET "/" for ::1 at 2019-05-29 15:19:35 -0400
Processing by StaticPagesController#root as HTML
  Rendering static_pages/root.html within layouts/application
  Rendered static_pages/root.html within layouts/application (0.3ms)
Completed 200 OK in 141ms (Views: 137.1ms | ActiveRecord: 0.0ms)


Started GET "/" for ::1 at 2019-05-29 15:19:41 -0400
Processing by StaticPagesController#root as HTML
  Rendering static_pages/root.html within layouts/application
  Rendered static_pages/root.html within layouts/application (0.3ms)
Completed 200 OK in 44ms (Views: 40.7ms | ActiveRecord: 0.0ms)


Started GET "/" for ::1 at 2019-05-29 15:20:01 -0400
Processing by StaticPagesController#root as HTML
  Rendering static_pages/root.html within layouts/application
  Rendered static_pages/root.html within layouts/application (0.3ms)
Completed 200 OK in 93ms (Views: 89.3ms | ActiveRecord: 0.0ms)


Started GET "/" for ::1 at 2019-05-29 15:21:05 -0400
Processing by StaticPagesController#root as HTML
  Rendering static_pages/root.html within layouts/application
  Rendered static_pages/root.html within layouts/application (0.3ms)
Completed 200 OK in 849ms (Views: 844.3ms | ActiveRecord: 0.0ms)


Started GET "/" for ::1 at 2019-05-29 15:21:36 -0400
Processing by StaticPagesController#root as HTML
  Rendering static_pages/root.html within layouts/application
  Rendered static_pages/root.html within layouts/application (0.5ms)
Completed 200 OK in 454ms (Views: 450.9ms | ActiveRecord: 0.0ms)


Started GET "/" for ::1 at 2019-05-29 15:22:32 -0400
Processing by StaticPagesController#root as HTML
  Rendering static_pages/root.html within layouts/application
  Rendered static_pages/root.html within layouts/application (0.4ms)
Completed 200 OK in 465ms (Views: 462.3ms | ActiveRecord: 0.0ms)


Started GET "/" for ::1 at 2019-05-29 15:23:53 -0400
Processing by StaticPagesController#root as HTML
  Rendering static_pages/root.html within layouts/application
  Rendered static_pages/root.html within layouts/application (0.3ms)
Completed 200 OK in 58ms (Views: 55.1ms | ActiveRecord: 0.0ms)


Started GET "/" for ::1 at 2019-05-29 15:24:21 -0400
Processing by StaticPagesController#root as HTML
  Rendering static_pages/root.html within layouts/application
  Rendered static_pages/root.html within layouts/application (0.3ms)
Completed 200 OK in 63ms (Views: 59.1ms | ActiveRecord: 0.0ms)


Started GET "/" for ::1 at 2019-05-29 15:24:23 -0400
Processing by StaticPagesController#root as HTML
  Rendering static_pages/root.html within layouts/application
  Rendered static_pages/root.html within layouts/application (0.3ms)
Completed 200 OK in 54ms (Views: 52.1ms | ActiveRecord: 0.0ms)


Started GET "/" for ::1 at 2019-05-29 15:24:31 -0400
Processing by StaticPagesController#root as HTML
  Rendering static_pages/root.html within layouts/application
  Rendered static_pages/root.html within layouts/application (0.3ms)
Completed 200 OK in 65ms (Views: 62.1ms | ActiveRecord: 0.0ms)


Started GET "/" for ::1 at 2019-05-29 15:24:33 -0400
Processing by StaticPagesController#root as HTML
  Rendering static_pages/root.html within layouts/application
  Rendered static_pages/root.html within layouts/application (0.5ms)
Completed 200 OK in 41ms (Views: 38.5ms | ActiveRecord: 0.0ms)


Started GET "/" for ::1 at 2019-05-29 15:24:38 -0400
Processing by StaticPagesController#root as HTML
  Rendering static_pages/root.html within layouts/application
  Rendered static_pages/root.html within layouts/application (0.4ms)
Completed 200 OK in 69ms (Views: 66.0ms | ActiveRecord: 0.0ms)


Started GET "/" for ::1 at 2019-05-29 15:24:41 -0400
Processing by StaticPagesController#root as HTML
  Rendering static_pages/root.html within layouts/application
  Rendered static_pages/root.html within layouts/application (0.6ms)
Completed 200 OK in 74ms (Views: 71.2ms | ActiveRecord: 0.0ms)


Started GET "/" for ::1 at 2019-05-29 15:25:19 -0400
Processing by StaticPagesController#root as HTML
  Rendering static_pages/root.html within layouts/application
  Rendered static_pages/root.html within layouts/application (0.5ms)
Completed 200 OK in 80ms (Views: 75.9ms | ActiveRecord: 0.0ms)


Started GET "/" for ::1 at 2019-05-29 15:25:26 -0400
Processing by StaticPagesController#root as HTML
  Rendering static_pages/root.html within layouts/application
  Rendered static_pages/root.html within layouts/application (0.5ms)
Completed 200 OK in 78ms (Views: 74.4ms | ActiveRecord: 0.0ms)


Started GET "/" for ::1 at 2019-05-29 15:25:40 -0400
Processing by StaticPagesController#root as HTML
  Rendering static_pages/root.html within layouts/application
  Rendered static_pages/root.html within layouts/application (0.3ms)
Completed 200 OK in 75ms (Views: 72.4ms | ActiveRecord: 0.0ms)


Started GET "/" for ::1 at 2019-05-29 15:26:19 -0400
Processing by StaticPagesController#root as HTML
  Rendering static_pages/root.html within layouts/application
  Rendered static_pages/root.html within layouts/application (0.5ms)
Completed 200 OK in 502ms (Views: 500.4ms | ActiveRecord: 0.0ms)


Started GET "/" for ::1 at 2019-05-29 15:27:04 -0400
Processing by StaticPagesController#root as HTML
  Rendering static_pages/root.html within layouts/application
  Rendered static_pages/root.html within layouts/application (0.5ms)
Completed 200 OK in 79ms (Views: 74.7ms | ActiveRecord: 0.0ms)


Started GET "/" for ::1 at 2019-05-29 15:27:28 -0400
Processing by StaticPagesController#root as HTML
  Rendering static_pages/root.html within layouts/application
  Rendered static_pages/root.html within layouts/application (0.5ms)
Completed 200 OK in 59ms (Views: 55.8ms | ActiveRecord: 0.0ms)


Started GET "/" for ::1 at 2019-05-29 15:28:58 -0400
Processing by StaticPagesController#root as HTML
  Rendering static_pages/root.html within layouts/application
  Rendered static_pages/root.html within layouts/application (0.3ms)
Completed 200 OK in 114ms (Views: 110.7ms | ActiveRecord: 0.0ms)


Started GET "/" for ::1 at 2019-05-29 15:29:07 -0400
Processing by StaticPagesController#root as HTML
  Rendering static_pages/root.html within layouts/application
  Rendered static_pages/root.html within layouts/application (0.3ms)
Completed 200 OK in 86ms (Views: 83.3ms | ActiveRecord: 0.0ms)


Started GET "/" for ::1 at 2019-05-29 15:29:09 -0400
Processing by StaticPagesController#root as HTML
  Rendering static_pages/root.html within layouts/application
  Rendered static_pages/root.html within layouts/application (0.6ms)
Completed 200 OK in 90ms (Views: 85.9ms | ActiveRecord: 0.0ms)


Started GET "/" for ::1 at 2019-05-29 15:29:23 -0400
Processing by StaticPagesController#root as HTML
  Rendering static_pages/root.html within layouts/application
  Rendered static_pages/root.html within layouts/application (0.5ms)
Completed 200 OK in 71ms (Views: 68.7ms | ActiveRecord: 0.0ms)


Started GET "/" for ::1 at 2019-05-29 15:29:37 -0400
Processing by StaticPagesController#root as HTML
  Rendering static_pages/root.html within layouts/application
  Rendered static_pages/root.html within layouts/application (0.3ms)
Completed 200 OK in 73ms (Views: 70.4ms | ActiveRecord: 0.0ms)


Started GET "/" for ::1 at 2019-05-29 15:31:01 -0400
Processing by StaticPagesController#root as HTML
  Rendering static_pages/root.html within layouts/application
  Rendered static_pages/root.html within layouts/application (0.4ms)
Completed 200 OK in 471ms (Views: 465.3ms | ActiveRecord: 0.0ms)


Started GET "/" for ::1 at 2019-05-29 15:31:12 -0400
Processing by StaticPagesController#root as HTML
  Rendering static_pages/root.html within layouts/application
  Rendered static_pages/root.html within layouts/application (0.4ms)
Completed 200 OK in 508ms (Views: 504.5ms | ActiveRecord: 0.0ms)


Started GET "/" for ::1 at 2019-05-29 15:32:14 -0400
Processing by StaticPagesController#root as HTML
  Rendering static_pages/root.html within layouts/application
  Rendered static_pages/root.html within layouts/application (0.6ms)
Completed 200 OK in 106ms (Views: 101.5ms | ActiveRecord: 0.0ms)


Started GET "/" for ::1 at 2019-05-29 15:32:35 -0400
Processing by StaticPagesController#root as HTML
  Rendering static_pages/root.html within layouts/application
  Rendered static_pages/root.html within layouts/application (0.4ms)
Completed 200 OK in 76ms (Views: 72.8ms | ActiveRecord: 0.0ms)


Started GET "/" for ::1 at 2019-05-29 15:33:07 -0400
Processing by StaticPagesController#root as HTML
  Rendering static_pages/root.html within layouts/application
  Rendered static_pages/root.html within layouts/application (0.4ms)
Completed 200 OK in 68ms (Views: 65.1ms | ActiveRecord: 0.0ms)


Started GET "/" for ::1 at 2019-05-29 15:33:18 -0400
Processing by StaticPagesController#root as HTML
  Rendering static_pages/root.html within layouts/application
  Rendered static_pages/root.html within layouts/application (0.6ms)
Completed 200 OK in 72ms (Views: 67.4ms | ActiveRecord: 0.0ms)


Started GET "/" for ::1 at 2019-05-29 15:33:35 -0400
Processing by StaticPagesController#root as HTML
  Rendering static_pages/root.html within layouts/application
  Rendered static_pages/root.html within layouts/application (0.4ms)
Completed 200 OK in 451ms (Views: 446.9ms | ActiveRecord: 0.0ms)


Started GET "/" for ::1 at 2019-05-29 15:33:43 -0400
Processing by StaticPagesController#root as HTML
  Rendering static_pages/root.html within layouts/application
  Rendered static_pages/root.html within layouts/application (0.3ms)
Completed 200 OK in 62ms (Views: 58.7ms | ActiveRecord: 0.0ms)


Started GET "/" for ::1 at 2019-05-29 15:33:52 -0400
Processing by StaticPagesController#root as HTML
  Rendering static_pages/root.html within layouts/application
  Rendered static_pages/root.html within layouts/application (0.4ms)
Completed 200 OK in 65ms (Views: 62.4ms | ActiveRecord: 0.0ms)


Started GET "/" for ::1 at 2019-05-29 15:34:16 -0400
Processing by StaticPagesController#root as HTML
  Rendering static_pages/root.html within layouts/application
  Rendered static_pages/root.html within layouts/application (0.4ms)
Completed 200 OK in 80ms (Views: 77.6ms | ActiveRecord: 0.0ms)


Started GET "/" for ::1 at 2019-05-29 15:34:24 -0400
Processing by StaticPagesController#root as HTML
  Rendering static_pages/root.html within layouts/application
  Rendered static_pages/root.html within layouts/application (0.4ms)
Completed 200 OK in 89ms (Views: 84.3ms | ActiveRecord: 0.0ms)


Started GET "/" for ::1 at 2019-05-29 15:34:30 -0400
Processing by StaticPagesController#root as HTML
  Rendering static_pages/root.html within layouts/application
  Rendered static_pages/root.html within layouts/application (0.6ms)
Completed 200 OK in 93ms (Views: 89.4ms | ActiveRecord: 0.0ms)


Started GET "/" for ::1 at 2019-05-29 15:34:36 -0400
Processing by StaticPagesController#root as HTML
  Rendering static_pages/root.html within layouts/application
  Rendered static_pages/root.html within layouts/application (0.3ms)
Completed 200 OK in 78ms (Views: 74.6ms | ActiveRecord: 0.0ms)


Started GET "/" for ::1 at 2019-05-29 15:35:20 -0400
Processing by StaticPagesController#root as HTML
  Rendering static_pages/root.html within layouts/application
  Rendered static_pages/root.html within layouts/application (0.3ms)
Completed 200 OK in 109ms (Views: 105.7ms | ActiveRecord: 0.0ms)


Started GET "/" for ::1 at 2019-05-29 15:35:33 -0400
Processing by StaticPagesController#root as HTML
  Rendering static_pages/root.html within layouts/application
  Rendered static_pages/root.html within layouts/application (0.4ms)
Completed 200 OK in 87ms (Views: 83.6ms | ActiveRecord: 0.0ms)


Started GET "/" for ::1 at 2019-05-29 15:35:41 -0400
Processing by StaticPagesController#root as HTML
  Rendering static_pages/root.html within layouts/application
  Rendered static_pages/root.html within layouts/application (0.4ms)
Completed 200 OK in 73ms (Views: 69.6ms | ActiveRecord: 0.0ms)


Started GET "/" for ::1 at 2019-05-29 15:35:52 -0400
Processing by StaticPagesController#root as HTML
  Rendering static_pages/root.html within layouts/application
  Rendered static_pages/root.html within layouts/application (0.4ms)
Completed 200 OK in 69ms (Views: 66.1ms | ActiveRecord: 0.0ms)


Started GET "/" for ::1 at 2019-05-29 15:35:56 -0400
Processing by StaticPagesController#root as HTML
  Rendering static_pages/root.html within layouts/application
  Rendered static_pages/root.html within layouts/application (0.3ms)
Completed 200 OK in 78ms (Views: 75.7ms | ActiveRecord: 0.0ms)


Started GET "/" for ::1 at 2019-05-29 15:36:08 -0400
Processing by StaticPagesController#root as HTML
  Rendering static_pages/root.html within layouts/application
  Rendered static_pages/root.html within layouts/application (0.4ms)
Completed 200 OK in 70ms (Views: 65.8ms | ActiveRecord: 0.0ms)


Started GET "/" for ::1 at 2019-05-29 15:36:25 -0400
Processing by StaticPagesController#root as HTML
  Rendering static_pages/root.html within layouts/application
  Rendered static_pages/root.html within layouts/application (0.5ms)
Completed 200 OK in 79ms (Views: 75.2ms | ActiveRecord: 0.0ms)


Started GET "/" for ::1 at 2019-05-29 15:36:55 -0400
Processing by StaticPagesController#root as HTML
  Rendering static_pages/root.html within layouts/application
  Rendered static_pages/root.html within layouts/application (0.4ms)
Completed 200 OK in 102ms (Views: 97.7ms | ActiveRecord: 0.0ms)


Started GET "/" for ::1 at 2019-05-29 15:37:04 -0400
Processing by StaticPagesController#root as HTML
  Rendering static_pages/root.html within layouts/application
  Rendered static_pages/root.html within layouts/application (0.3ms)
Completed 200 OK in 74ms (Views: 70.6ms | ActiveRecord: 0.0ms)


Started GET "/" for ::1 at 2019-05-29 15:37:26 -0400
Processing by StaticPagesController#root as HTML
  Rendering static_pages/root.html within layouts/application
  Rendered static_pages/root.html within layouts/application (0.3ms)
Completed 200 OK in 49ms (Views: 45.2ms | ActiveRecord: 0.0ms)


Started GET "/" for ::1 at 2019-05-29 15:37:31 -0400
Processing by StaticPagesController#root as HTML
  Rendering static_pages/root.html within layouts/application
  Rendered static_pages/root.html within layouts/application (0.3ms)
Completed 200 OK in 71ms (Views: 67.4ms | ActiveRecord: 0.0ms)


Started GET "/" for ::1 at 2019-05-29 15:37:36 -0400
Processing by StaticPagesController#root as HTML
  Rendering static_pages/root.html within layouts/application
  Rendered static_pages/root.html within layouts/application (0.3ms)
Completed 200 OK in 74ms (Views: 70.4ms | ActiveRecord: 0.0ms)


Started GET "/" for ::1 at 2019-05-29 15:38:18 -0400
Processing by StaticPagesController#root as HTML
  Rendering static_pages/root.html within layouts/application
  Rendered static_pages/root.html within layouts/application (0.3ms)
Completed 200 OK in 76ms (Views: 73.6ms | ActiveRecord: 0.0ms)


Started GET "/" for ::1 at 2019-05-29 15:38:30 -0400
Processing by StaticPagesController#root as HTML
  Rendering static_pages/root.html within layouts/application
  Rendered static_pages/root.html within layouts/application (0.4ms)
Completed 200 OK in 81ms (Views: 77.3ms | ActiveRecord: 0.0ms)


Started GET "/" for ::1 at 2019-05-29 15:38:35 -0400
Processing by StaticPagesController#root as HTML
  Rendering static_pages/root.html within layouts/application
  Rendered static_pages/root.html within layouts/application (0.6ms)
Completed 200 OK in 73ms (Views: 69.2ms | ActiveRecord: 0.0ms)


Started GET "/" for ::1 at 2019-05-29 15:38:45 -0400
Processing by StaticPagesController#root as HTML
  Rendering static_pages/root.html within layouts/application
  Rendered static_pages/root.html within layouts/application (0.5ms)
Completed 200 OK in 81ms (Views: 77.0ms | ActiveRecord: 0.0ms)


Started GET "/" for ::1 at 2019-05-29 15:38:56 -0400
Processing by StaticPagesController#root as HTML
  Rendering static_pages/root.html within layouts/application
  Rendered static_pages/root.html within layouts/application (0.4ms)
Completed 200 OK in 472ms (Views: 467.5ms | ActiveRecord: 0.0ms)


Started GET "/" for ::1 at 2019-05-29 15:39:52 -0400
Processing by StaticPagesController#root as HTML
  Rendering static_pages/root.html within layouts/application
  Rendered static_pages/root.html within layouts/application (0.3ms)
Completed 200 OK in 88ms (Views: 84.5ms | ActiveRecord: 0.0ms)


Started GET "/" for ::1 at 2019-05-29 15:39:55 -0400
Processing by StaticPagesController#root as HTML
  Rendering static_pages/root.html within layouts/application
  Rendered static_pages/root.html within layouts/application (0.3ms)
Completed 200 OK in 41ms (Views: 37.2ms | ActiveRecord: 0.0ms)


Started GET "/" for ::1 at 2019-05-29 15:40:09 -0400
Processing by StaticPagesController#root as HTML
  Rendering static_pages/root.html within layouts/application
  Rendered static_pages/root.html within layouts/application (0.4ms)
Completed 200 OK in 75ms (Views: 71.5ms | ActiveRecord: 0.0ms)


Started GET "/" for ::1 at 2019-05-29 15:40:21 -0400
Processing by StaticPagesController#root as HTML
  Rendering static_pages/root.html within layouts/application
  Rendered static_pages/root.html within layouts/application (0.3ms)
Completed 200 OK in 78ms (Views: 72.8ms | ActiveRecord: 0.0ms)


Started GET "/" for ::1 at 2019-05-29 15:40:29 -0400
Processing by StaticPagesController#root as HTML
  Rendering static_pages/root.html within layouts/application
  Rendered static_pages/root.html within layouts/application (0.4ms)
Completed 200 OK in 77ms (Views: 74.3ms | ActiveRecord: 0.0ms)


Started GET "/" for ::1 at 2019-05-29 15:41:11 -0400
Processing by StaticPagesController#root as HTML
  Rendering static_pages/root.html within layouts/application
  Rendered static_pages/root.html within layouts/application (0.4ms)
Completed 200 OK in 74ms (Views: 70.5ms | ActiveRecord: 0.0ms)


Started GET "/" for ::1 at 2019-05-29 15:41:12 -0400
Processing by StaticPagesController#root as HTML
  Rendering static_pages/root.html within layouts/application
  Rendered static_pages/root.html within layouts/application (0.3ms)
Completed 200 OK in 41ms (Views: 37.6ms | ActiveRecord: 0.0ms)


Started GET "/" for ::1 at 2019-05-29 15:41:38 -0400
Processing by StaticPagesController#root as HTML
  Rendering static_pages/root.html within layouts/application
  Rendered static_pages/root.html within layouts/application (0.3ms)
Completed 200 OK in 72ms (Views: 68.9ms | ActiveRecord: 0.0ms)


Started GET "/" for ::1 at 2019-05-29 15:43:07 -0400
Processing by StaticPagesController#root as HTML
  Rendering static_pages/root.html within layouts/application
  Rendered static_pages/root.html within layouts/application (0.3ms)
Completed 200 OK in 78ms (Views: 73.8ms | ActiveRecord: 0.0ms)


Started GET "/" for ::1 at 2019-05-29 15:45:56 -0400
Processing by StaticPagesController#root as HTML
  Rendering static_pages/root.html within layouts/application
  Rendered static_pages/root.html within layouts/application (0.3ms)
Completed 200 OK in 452ms (Views: 446.2ms | ActiveRecord: 0.0ms)


Started GET "/" for ::1 at 2019-05-29 15:45:59 -0400
Processing by StaticPagesController#root as HTML
  Rendering static_pages/root.html within layouts/application
  Rendered static_pages/root.html within layouts/application (0.3ms)
Completed 200 OK in 37ms (Views: 34.9ms | ActiveRecord: 0.0ms)


Started GET "/" for ::1 at 2019-05-29 16:03:31 -0400
Processing by StaticPagesController#root as HTML
  Rendering static_pages/root.html within layouts/application
  Rendered static_pages/root.html within layouts/application (2.1ms)
Completed 200 OK in 193ms (Views: 185.9ms | ActiveRecord: 0.0ms)


Started GET "/" for ::1 at 2019-05-29 16:04:09 -0400
Processing by StaticPagesController#root as HTML
  Rendering static_pages/root.html within layouts/application
  Rendered static_pages/root.html within layouts/application (0.4ms)
Completed 200 OK in 121ms (Views: 117.4ms | ActiveRecord: 0.0ms)


Started GET "/" for ::1 at 2019-05-29 16:05:18 -0400
Processing by StaticPagesController#root as HTML
  Rendering static_pages/root.html within layouts/application
  Rendered static_pages/root.html within layouts/application (0.5ms)
Completed 200 OK in 150ms (Views: 147.3ms | ActiveRecord: 0.0ms)


Started GET "/" for ::1 at 2019-05-29 16:06:37 -0400
Processing by StaticPagesController#root as HTML
  Rendering static_pages/root.html within layouts/application
  Rendered static_pages/root.html within layouts/application (0.4ms)
Completed 200 OK in 133ms (Views: 129.3ms | ActiveRecord: 0.0ms)


Started GET "/" for ::1 at 2019-05-29 16:06:54 -0400
Processing by StaticPagesController#root as HTML
  Rendering static_pages/root.html within layouts/application
  Rendered static_pages/root.html within layouts/application (0.3ms)
Completed 200 OK in 92ms (Views: 88.7ms | ActiveRecord: 0.0ms)


Started GET "/" for ::1 at 2019-05-29 16:07:12 -0400
Processing by StaticPagesController#root as HTML
  Rendering static_pages/root.html within layouts/application
  Rendered static_pages/root.html within layouts/application (1.6ms)
Completed 200 OK in 41ms (Views: 37.2ms | ActiveRecord: 0.0ms)


Started GET "/" for ::1 at 2019-05-29 16:08:53 -0400
Processing by StaticPagesController#root as HTML
  Rendering static_pages/root.html within layouts/application
  Rendered static_pages/root.html within layouts/application (0.3ms)
Completed 200 OK in 130ms (Views: 127.5ms | ActiveRecord: 0.0ms)


Started GET "/" for ::1 at 2019-05-29 16:09:26 -0400
Processing by StaticPagesController#root as HTML
  Rendering static_pages/root.html within layouts/application
  Rendered static_pages/root.html within layouts/application (0.6ms)
Completed 200 OK in 109ms (Views: 106.1ms | ActiveRecord: 0.0ms)


Started GET "/" for ::1 at 2019-05-29 16:10:25 -0400
Processing by StaticPagesController#root as HTML
  Rendering static_pages/root.html within layouts/application
  Rendered static_pages/root.html within layouts/application (0.4ms)
Completed 200 OK in 103ms (Views: 99.8ms | ActiveRecord: 0.0ms)


Started GET "/" for ::1 at 2019-05-29 16:10:37 -0400
Processing by StaticPagesController#root as HTML
  Rendering static_pages/root.html within layouts/application
  Rendered static_pages/root.html within layouts/application (0.9ms)
Completed 200 OK in 84ms (Views: 79.8ms | ActiveRecord: 0.0ms)


Started GET "/" for ::1 at 2019-05-29 16:10:42 -0400
Processing by StaticPagesController#root as HTML
  Rendering static_pages/root.html within layouts/application
  Rendered static_pages/root.html within layouts/application (0.3ms)
Completed 200 OK in 82ms (Views: 79.4ms | ActiveRecord: 0.0ms)


Started GET "/" for ::1 at 2019-05-29 16:10:44 -0400
Processing by StaticPagesController#root as HTML
  Rendering static_pages/root.html within layouts/application
  Rendered static_pages/root.html within layouts/application (0.3ms)
Completed 200 OK in 39ms (Views: 34.5ms | ActiveRecord: 0.0ms)


Started GET "/" for ::1 at 2019-05-29 16:10:56 -0400
Processing by StaticPagesController#root as HTML
  Rendering static_pages/root.html within layouts/application
  Rendered static_pages/root.html within layouts/application (0.3ms)
Completed 200 OK in 76ms (Views: 74.1ms | ActiveRecord: 0.0ms)


Started GET "/" for ::1 at 2019-05-29 16:11:02 -0400
Processing by StaticPagesController#root as HTML
  Rendering static_pages/root.html within layouts/application
  Rendered static_pages/root.html within layouts/application (0.3ms)
Completed 200 OK in 74ms (Views: 70.8ms | ActiveRecord: 0.0ms)


Started GET "/" for ::1 at 2019-05-29 16:12:16 -0400
Processing by StaticPagesController#root as HTML
  Rendering static_pages/root.html within layouts/application
  Rendered static_pages/root.html within layouts/application (0.6ms)
Completed 200 OK in 492ms (Views: 486.5ms | ActiveRecord: 0.0ms)


Started GET "/" for ::1 at 2019-05-29 16:12:41 -0400
Processing by StaticPagesController#root as HTML
  Rendering static_pages/root.html within layouts/application
  Rendered static_pages/root.html within layouts/application (0.3ms)
Completed 200 OK in 104ms (Views: 101.0ms | ActiveRecord: 0.0ms)


Started GET "/" for ::1 at 2019-05-29 16:12:58 -0400
Processing by StaticPagesController#root as HTML
  Rendering static_pages/root.html within layouts/application
  Rendered static_pages/root.html within layouts/application (0.5ms)
Completed 200 OK in 103ms (Views: 97.8ms | ActiveRecord: 0.0ms)


Started GET "/" for ::1 at 2019-05-29 16:13:07 -0400
Processing by StaticPagesController#root as HTML
  Rendering static_pages/root.html within layouts/application
  Rendered static_pages/root.html within layouts/application (0.8ms)
Completed 200 OK in 74ms (Views: 72.0ms | ActiveRecord: 0.0ms)


Started GET "/" for ::1 at 2019-05-29 16:13:39 -0400
Processing by StaticPagesController#root as HTML
  Rendering static_pages/root.html within layouts/application
  Rendered static_pages/root.html within layouts/application (2.8ms)
Completed 200 OK in 193ms (Views: 181.3ms | ActiveRecord: 0.0ms)


Started GET "/" for ::1 at 2019-05-29 16:15:28 -0400
Processing by StaticPagesController#root as HTML
  Rendering static_pages/root.html within layouts/application
  Rendered static_pages/root.html within layouts/application (0.3ms)
Completed 200 OK in 97ms (Views: 94.1ms | ActiveRecord: 0.0ms)


Started GET "/" for ::1 at 2019-05-29 16:15:36 -0400
Processing by StaticPagesController#root as HTML
  Rendering static_pages/root.html within layouts/application
  Rendered static_pages/root.html within layouts/application (0.3ms)
Completed 200 OK in 86ms (Views: 82.6ms | ActiveRecord: 0.0ms)


Started GET "/" for ::1 at 2019-05-29 16:17:42 -0400
Processing by StaticPagesController#root as HTML
  Rendering static_pages/root.html within layouts/application
  Rendered static_pages/root.html within layouts/application (0.4ms)
Completed 200 OK in 491ms (Views: 487.0ms | ActiveRecord: 0.0ms)


Started GET "/" for ::1 at 2019-05-29 16:17:53 -0400
Processing by StaticPagesController#root as HTML
  Rendering static_pages/root.html within layouts/application
  Rendered static_pages/root.html within layouts/application (0.4ms)
Completed 200 OK in 73ms (Views: 70.1ms | ActiveRecord: 0.0ms)


Started GET "/" for ::1 at 2019-05-29 16:22:08 -0400
Processing by StaticPagesController#root as HTML
  Rendering static_pages/root.html within layouts/application
  Rendered static_pages/root.html within layouts/application (0.5ms)
Completed 200 OK in 110ms (Views: 105.7ms | ActiveRecord: 0.0ms)


Started GET "/" for ::1 at 2019-05-29 16:23:27 -0400
Processing by StaticPagesController#root as HTML
  Rendering static_pages/root.html within layouts/application
  Rendered static_pages/root.html within layouts/application (0.4ms)
Completed 200 OK in 633ms (Views: 628.6ms | ActiveRecord: 0.0ms)


Started GET "/" for ::1 at 2019-05-29 16:23:49 -0400
Processing by StaticPagesController#root as HTML
  Rendering static_pages/root.html within layouts/application
  Rendered static_pages/root.html within layouts/application (0.4ms)
Completed 200 OK in 76ms (Views: 71.9ms | ActiveRecord: 0.0ms)


Started GET "/" for ::1 at 2019-05-29 16:25:40 -0400
Processing by StaticPagesController#root as HTML
  Rendering static_pages/root.html within layouts/application
  Rendered static_pages/root.html within layouts/application (1.8ms)
Completed 200 OK in 596ms (Views: 585.9ms | ActiveRecord: 0.0ms)


Started GET "/" for ::1 at 2019-05-29 16:25:50 -0400
Processing by StaticPagesController#root as HTML
  Rendering static_pages/root.html within layouts/application
  Rendered static_pages/root.html within layouts/application (0.5ms)
Completed 200 OK in 63ms (Views: 59.9ms | ActiveRecord: 0.0ms)


Started GET "/" for ::1 at 2019-05-29 16:26:53 -0400
Processing by StaticPagesController#root as HTML
  Rendering static_pages/root.html within layouts/application
  Rendered static_pages/root.html within layouts/application (0.5ms)
Completed 200 OK in 74ms (Views: 70.8ms | ActiveRecord: 0.0ms)


Started GET "/" for ::1 at 2019-05-29 16:27:48 -0400
Processing by StaticPagesController#root as HTML
  Rendering static_pages/root.html within layouts/application
  Rendered static_pages/root.html within layouts/application (0.4ms)
Completed 200 OK in 677ms (Views: 672.7ms | ActiveRecord: 0.0ms)


Started GET "/" for ::1 at 2019-05-29 16:28:35 -0400
Processing by StaticPagesController#root as HTML
  Rendering static_pages/root.html within layouts/application
  Rendered static_pages/root.html within layouts/application (0.4ms)
Completed 200 OK in 58ms (Views: 56.2ms | ActiveRecord: 0.0ms)


Started GET "/" for ::1 at 2019-05-29 16:28:39 -0400
Processing by StaticPagesController#root as HTML
  Rendering static_pages/root.html within layouts/application
  Rendered static_pages/root.html within layouts/application (0.3ms)
Completed 200 OK in 358ms (Views: 353.8ms | ActiveRecord: 0.0ms)


Started GET "/" for ::1 at 2019-05-29 16:30:48 -0400
Processing by StaticPagesController#root as HTML
  Rendering static_pages/root.html within layouts/application
  Rendered static_pages/root.html within layouts/application (0.5ms)
Completed 200 OK in 595ms (Views: 590.2ms | ActiveRecord: 0.0ms)


Started GET "/" for ::1 at 2019-05-29 16:33:10 -0400
Processing by StaticPagesController#root as HTML
  Rendering static_pages/root.html within layouts/application
  Rendered static_pages/root.html within layouts/application (0.3ms)
Completed 200 OK in 472ms (Views: 466.9ms | ActiveRecord: 0.0ms)


Started GET "/" for ::1 at 2019-05-29 16:35:19 -0400
Processing by StaticPagesController#root as HTML
  Rendering static_pages/root.html within layouts/application
  Rendered static_pages/root.html within layouts/application (0.3ms)
Completed 200 OK in 116ms (Views: 110.0ms | ActiveRecord: 0.0ms)


Started GET "/" for ::1 at 2019-05-29 16:35:33 -0400
Processing by StaticPagesController#root as HTML
  Rendering static_pages/root.html within layouts/application
  Rendered static_pages/root.html within layouts/application (0.4ms)
Completed 200 OK in 68ms (Views: 64.6ms | ActiveRecord: 0.0ms)


Started GET "/" for ::1 at 2019-05-29 16:35:42 -0400
Processing by StaticPagesController#root as HTML
  Rendering static_pages/root.html within layouts/application
  Rendered static_pages/root.html within layouts/application (0.3ms)
Completed 200 OK in 69ms (Views: 66.0ms | ActiveRecord: 0.0ms)


Started GET "/" for ::1 at 2019-05-29 16:35:51 -0400
Processing by StaticPagesController#root as HTML
  Rendering static_pages/root.html within layouts/application
  Rendered static_pages/root.html within layouts/application (0.3ms)
Completed 200 OK in 52ms (Views: 48.0ms | ActiveRecord: 0.0ms)


Started GET "/" for ::1 at 2019-05-29 16:50:42 -0400
Processing by StaticPagesController#root as HTML
  Rendering static_pages/root.html within layouts/application
  Rendered static_pages/root.html within layouts/application (1.8ms)
Completed 200 OK in 729ms (Views: 722.9ms | ActiveRecord: 0.0ms)


Started GET "/" for ::1 at 2019-05-29 16:52:05 -0400
Processing by StaticPagesController#root as HTML
  Rendering static_pages/root.html within layouts/application
  Rendered static_pages/root.html within layouts/application (0.4ms)
Completed 200 OK in 140ms (Views: 137.1ms | ActiveRecord: 0.0ms)


Started GET "/" for ::1 at 2019-05-29 16:52:50 -0400
Processing by StaticPagesController#root as HTML
  Rendering static_pages/root.html within layouts/application
  Rendered static_pages/root.html within layouts/application (0.6ms)
Completed 200 OK in 494ms (Views: 490.6ms | ActiveRecord: 0.0ms)


Started GET "/" for ::1 at 2019-05-29 16:53:03 -0400
Processing by StaticPagesController#root as HTML
  Rendering static_pages/root.html within layouts/application
  Rendered static_pages/root.html within layouts/application (0.4ms)
Completed 200 OK in 96ms (Views: 93.1ms | ActiveRecord: 0.0ms)


Started GET "/" for ::1 at 2019-05-29 16:53:09 -0400
Processing by StaticPagesController#root as HTML
  Rendering static_pages/root.html within layouts/application
  Rendered static_pages/root.html within layouts/application (0.3ms)
Completed 200 OK in 76ms (Views: 72.9ms | ActiveRecord: 0.0ms)


Started GET "/" for ::1 at 2019-05-29 16:53:17 -0400
Processing by StaticPagesController#root as HTML
  Rendering static_pages/root.html within layouts/application
  Rendered static_pages/root.html within layouts/application (0.3ms)
Completed 200 OK in 87ms (Views: 83.5ms | ActiveRecord: 0.0ms)


Started GET "/" for ::1 at 2019-05-29 16:53:23 -0400
Processing by StaticPagesController#root as HTML
  Rendering static_pages/root.html within layouts/application
  Rendered static_pages/root.html within layouts/application (0.5ms)
Completed 200 OK in 75ms (Views: 71.5ms | ActiveRecord: 0.0ms)


Started GET "/" for ::1 at 2019-05-29 16:53:28 -0400
Processing by StaticPagesController#root as HTML
  Rendering static_pages/root.html within layouts/application
  Rendered static_pages/root.html within layouts/application (0.3ms)
Completed 200 OK in 83ms (Views: 80.1ms | ActiveRecord: 0.0ms)


Started GET "/" for ::1 at 2019-05-29 16:54:01 -0400
Processing by StaticPagesController#root as HTML
  Rendering static_pages/root.html within layouts/application
  Rendered static_pages/root.html within layouts/application (0.7ms)
Completed 200 OK in 137ms (Views: 131.5ms | ActiveRecord: 0.0ms)


Started GET "/" for ::1 at 2019-05-29 16:56:53 -0400
Processing by StaticPagesController#root as HTML
  Rendering static_pages/root.html within layouts/application
  Rendered static_pages/root.html within layouts/application (0.4ms)
Completed 200 OK in 908ms (Views: 905.5ms | ActiveRecord: 0.0ms)


Started GET "/" for ::1 at 2019-05-29 16:57:34 -0400
Processing by StaticPagesController#root as HTML
  Rendering static_pages/root.html within layouts/application
  Rendered static_pages/root.html within layouts/application (0.3ms)
Completed 200 OK in 79ms (Views: 74.5ms | ActiveRecord: 0.0ms)


Started GET "/" for ::1 at 2019-05-29 17:00:00 -0400
Processing by StaticPagesController#root as HTML
  Rendering static_pages/root.html within layouts/application
  Rendered static_pages/root.html within layouts/application (0.4ms)
Completed 200 OK in 137ms (Views: 132.5ms | ActiveRecord: 0.0ms)


Started GET "/" for ::1 at 2019-05-29 17:00:34 -0400
Processing by StaticPagesController#root as HTML
  Rendering static_pages/root.html within layouts/application
  Rendered static_pages/root.html within layouts/application (0.4ms)
Completed 200 OK in 78ms (Views: 76.2ms | ActiveRecord: 0.0ms)


Started GET "/" for ::1 at 2019-05-29 17:00:48 -0400
Processing by StaticPagesController#root as HTML
  Rendering static_pages/root.html within layouts/application
  Rendered static_pages/root.html within layouts/application (0.5ms)
Completed 200 OK in 535ms (Views: 531.3ms | ActiveRecord: 0.0ms)


Started GET "/" for ::1 at 2019-05-29 17:01:18 -0400
Processing by StaticPagesController#root as HTML
  Rendering static_pages/root.html within layouts/application
  Rendered static_pages/root.html within layouts/application (0.4ms)
Completed 200 OK in 538ms (Views: 532.4ms | ActiveRecord: 0.0ms)


Started GET "/" for ::1 at 2019-05-29 17:05:16 -0400
Processing by StaticPagesController#root as HTML
  Rendering static_pages/root.html within layouts/application
  Rendered static_pages/root.html within layouts/application (0.8ms)
Completed 200 OK in 222ms (Views: 217.4ms | ActiveRecord: 0.0ms)


Started GET "/" for ::1 at 2019-05-29 17:05:19 -0400
Processing by StaticPagesController#root as HTML
  Rendering static_pages/root.html within layouts/application
  Rendered static_pages/root.html within layouts/application (0.5ms)
Completed 200 OK in 42ms (Views: 39.4ms | ActiveRecord: 0.0ms)


Started GET "/" for ::1 at 2019-05-29 17:05:28 -0400
Processing by StaticPagesController#root as HTML
  Rendering static_pages/root.html within layouts/application
  Rendered static_pages/root.html within layouts/application (0.3ms)
Completed 200 OK in 87ms (Views: 83.6ms | ActiveRecord: 0.0ms)


Started GET "/" for ::1 at 2019-05-29 17:06:33 -0400
Processing by StaticPagesController#root as HTML
  Rendering static_pages/root.html within layouts/application
  Rendered static_pages/root.html within layouts/application (0.6ms)
Completed 200 OK in 116ms (Views: 113.0ms | ActiveRecord: 0.0ms)


Started GET "/" for ::1 at 2019-05-29 17:06:43 -0400
Processing by StaticPagesController#root as HTML
  Rendering static_pages/root.html within layouts/application
  Rendered static_pages/root.html within layouts/application (0.5ms)
Completed 200 OK in 94ms (Views: 90.2ms | ActiveRecord: 0.0ms)


Started GET "/" for ::1 at 2019-05-29 17:06:52 -0400
Processing by StaticPagesController#root as HTML
  Rendering static_pages/root.html within layouts/application
  Rendered static_pages/root.html within layouts/application (0.4ms)
Completed 200 OK in 101ms (Views: 97.9ms | ActiveRecord: 0.0ms)


Started GET "/" for ::1 at 2019-05-29 17:07:05 -0400
Processing by StaticPagesController#root as HTML
  Rendering static_pages/root.html within layouts/application
  Rendered static_pages/root.html within layouts/application (0.4ms)
Completed 200 OK in 111ms (Views: 107.3ms | ActiveRecord: 0.0ms)


Started GET "/" for ::1 at 2019-05-29 17:07:59 -0400
Processing by StaticPagesController#root as HTML
  Rendering static_pages/root.html within layouts/application
  Rendered static_pages/root.html within layouts/application (0.6ms)
Completed 200 OK in 129ms (Views: 125.5ms | ActiveRecord: 0.0ms)


Started GET "/" for ::1 at 2019-05-29 17:08:14 -0400
Processing by StaticPagesController#root as HTML
  Rendering static_pages/root.html within layouts/application
  Rendered static_pages/root.html within layouts/application (0.5ms)
Completed 200 OK in 82ms (Views: 76.6ms | ActiveRecord: 0.0ms)


Started GET "/" for ::1 at 2019-05-29 17:09:02 -0400
Processing by StaticPagesController#root as HTML
  Rendering static_pages/root.html within layouts/application
  Rendered static_pages/root.html within layouts/application (0.6ms)
Completed 200 OK in 136ms (Views: 132.7ms | ActiveRecord: 0.0ms)


Started GET "/" for ::1 at 2019-05-29 17:09:32 -0400
Processing by StaticPagesController#root as HTML
  Rendering static_pages/root.html within layouts/application
  Rendered static_pages/root.html within layouts/application (0.4ms)
Completed 200 OK in 113ms (Views: 108.4ms | ActiveRecord: 0.0ms)


Started GET "/" for ::1 at 2019-05-29 17:09:58 -0400
Processing by StaticPagesController#root as HTML
  Rendering static_pages/root.html within layouts/application
  Rendered static_pages/root.html within layouts/application (0.3ms)
Completed 200 OK in 78ms (Views: 74.5ms | ActiveRecord: 0.0ms)


Started GET "/" for ::1 at 2019-05-29 17:10:22 -0400
Processing by StaticPagesController#root as HTML
  Rendering static_pages/root.html within layouts/application
  Rendered static_pages/root.html within layouts/application (0.4ms)
Completed 200 OK in 84ms (Views: 81.6ms | ActiveRecord: 0.0ms)


Started GET "/" for ::1 at 2019-05-29 17:10:23 -0400
Processing by StaticPagesController#root as HTML
  Rendering static_pages/root.html within layouts/application
  Rendered static_pages/root.html within layouts/application (0.3ms)
Completed 200 OK in 57ms (Views: 52.5ms | ActiveRecord: 0.0ms)


Started GET "/" for ::1 at 2019-05-29 17:11:00 -0400
Processing by StaticPagesController#root as HTML
  Rendering static_pages/root.html within layouts/application
  Rendered static_pages/root.html within layouts/application (0.5ms)
Completed 200 OK in 87ms (Views: 83.7ms | ActiveRecord: 0.0ms)


Started GET "/" for ::1 at 2019-05-29 17:11:02 -0400
Processing by StaticPagesController#root as HTML
  Rendering static_pages/root.html within layouts/application
  Rendered static_pages/root.html within layouts/application (0.3ms)
Completed 200 OK in 50ms (Views: 46.8ms | ActiveRecord: 0.0ms)


Started GET "/" for ::1 at 2019-05-29 17:11:03 -0400
Processing by StaticPagesController#root as HTML
  Rendering static_pages/root.html within layouts/application
  Rendered static_pages/root.html within layouts/application (0.3ms)
Completed 200 OK in 46ms (Views: 43.0ms | ActiveRecord: 0.0ms)


Started GET "/" for ::1 at 2019-05-29 17:11:25 -0400
Processing by StaticPagesController#root as HTML
  Rendering static_pages/root.html within layouts/application
  Rendered static_pages/root.html within layouts/application (0.5ms)
Completed 200 OK in 83ms (Views: 77.9ms | ActiveRecord: 0.0ms)


Started GET "/" for ::1 at 2019-05-29 17:11:27 -0400
Processing by StaticPagesController#root as HTML
  Rendering static_pages/root.html within layouts/application
  Rendered static_pages/root.html within layouts/application (0.6ms)
Completed 200 OK in 46ms (Views: 43.4ms | ActiveRecord: 0.0ms)


Started GET "/" for ::1 at 2019-05-29 17:11:59 -0400
Processing by StaticPagesController#root as HTML
  Rendering static_pages/root.html within layouts/application
  Rendered static_pages/root.html within layouts/application (0.4ms)
Completed 200 OK in 98ms (Views: 93.4ms | ActiveRecord: 0.0ms)


Started GET "/" for ::1 at 2019-05-29 17:15:12 -0400
Processing by StaticPagesController#root as HTML
  Rendering static_pages/root.html within layouts/application
  Rendered static_pages/root.html within layouts/application (0.6ms)
Completed 200 OK in 465ms (Views: 460.3ms | ActiveRecord: 0.0ms)


Started GET "/" for ::1 at 2019-05-29 17:15:42 -0400
Processing by StaticPagesController#root as HTML
  Rendering static_pages/root.html within layouts/application
  Rendered static_pages/root.html within layouts/application (0.4ms)
Completed 200 OK in 82ms (Views: 79.2ms | ActiveRecord: 0.0ms)


Started GET "/" for ::1 at 2019-05-29 17:17:39 -0400
Processing by StaticPagesController#root as HTML
  Rendering static_pages/root.html within layouts/application
  Rendered static_pages/root.html within layouts/application (0.5ms)
Completed 200 OK in 75ms (Views: 70.5ms | ActiveRecord: 0.0ms)


Started GET "/" for ::1 at 2019-05-29 17:18:12 -0400
Processing by StaticPagesController#root as HTML
  Rendering static_pages/root.html within layouts/application
  Rendered static_pages/root.html within layouts/application (0.4ms)
Completed 200 OK in 113ms (Views: 109.4ms | ActiveRecord: 0.0ms)


Started GET "/" for ::1 at 2019-05-29 17:18:20 -0400
Processing by StaticPagesController#root as HTML
  Rendering static_pages/root.html within layouts/application
  Rendered static_pages/root.html within layouts/application (0.5ms)
Completed 200 OK in 148ms (Views: 144.6ms | ActiveRecord: 0.0ms)


Started GET "/" for ::1 at 2019-05-29 17:18:47 -0400
Processing by StaticPagesController#root as HTML
  Rendering static_pages/root.html within layouts/application
  Rendered static_pages/root.html within layouts/application (0.5ms)
Completed 200 OK in 81ms (Views: 76.5ms | ActiveRecord: 0.0ms)


Started GET "/" for ::1 at 2019-05-29 17:19:29 -0400
Processing by StaticPagesController#root as HTML
  Rendering static_pages/root.html within layouts/application
  Rendered static_pages/root.html within layouts/application (0.5ms)
Completed 200 OK in 77ms (Views: 73.9ms | ActiveRecord: 0.0ms)


Started GET "/" for ::1 at 2019-05-29 17:19:31 -0400
Processing by StaticPagesController#root as HTML
  Rendering static_pages/root.html within layouts/application
  Rendered static_pages/root.html within layouts/application (0.4ms)
Completed 200 OK in 41ms (Views: 38.8ms | ActiveRecord: 0.0ms)


Started GET "/" for ::1 at 2019-05-29 17:19:55 -0400
Processing by StaticPagesController#root as HTML
  Rendering static_pages/root.html within layouts/application
  Rendered static_pages/root.html within layouts/application (0.5ms)
Completed 200 OK in 108ms (Views: 102.7ms | ActiveRecord: 0.0ms)


Started GET "/" for ::1 at 2019-05-29 17:20:02 -0400
Processing by StaticPagesController#root as HTML
  Rendering static_pages/root.html within layouts/application
  Rendered static_pages/root.html within layouts/application (0.4ms)
Completed 200 OK in 111ms (Views: 107.5ms | ActiveRecord: 0.0ms)


Started GET "/" for ::1 at 2019-05-29 17:20:22 -0400
Processing by StaticPagesController#root as HTML
  Rendering static_pages/root.html within layouts/application
  Rendered static_pages/root.html within layouts/application (0.5ms)
Completed 200 OK in 85ms (Views: 82.3ms | ActiveRecord: 0.0ms)


Started GET "/" for ::1 at 2019-05-29 17:20:23 -0400
Processing by StaticPagesController#root as HTML
  Rendering static_pages/root.html within layouts/application
  Rendered static_pages/root.html within layouts/application (0.5ms)
Completed 200 OK in 58ms (Views: 54.6ms | ActiveRecord: 0.0ms)


Started GET "/" for ::1 at 2019-05-29 17:20:29 -0400
Processing by StaticPagesController#root as HTML
  Rendering static_pages/root.html within layouts/application
  Rendered static_pages/root.html within layouts/application (0.6ms)
Completed 200 OK in 76ms (Views: 72.7ms | ActiveRecord: 0.0ms)


Started GET "/" for ::1 at 2019-05-29 17:20:57 -0400
Processing by StaticPagesController#root as HTML
  Rendering static_pages/root.html within layouts/application
  Rendered static_pages/root.html within layouts/application (0.6ms)
Completed 200 OK in 200ms (Views: 193.9ms | ActiveRecord: 0.0ms)


Started GET "/" for ::1 at 2019-05-29 17:21:03 -0400
Processing by StaticPagesController#root as HTML
  Rendering static_pages/root.html within layouts/application
  Rendered static_pages/root.html within layouts/application (0.3ms)
Completed 200 OK in 53ms (Views: 50.0ms | ActiveRecord: 0.0ms)


Started GET "/" for ::1 at 2019-05-29 17:26:01 -0400
Processing by StaticPagesController#root as HTML
  Rendering static_pages/root.html within layouts/application
  Rendered static_pages/root.html within layouts/application (2.1ms)
Completed 200 OK in 172ms (Views: 164.5ms | ActiveRecord: 0.0ms)


Started GET "/" for ::1 at 2019-05-29 17:26:11 -0400
Processing by StaticPagesController#root as HTML
  Rendering static_pages/root.html within layouts/application
  Rendered static_pages/root.html within layouts/application (0.5ms)
Completed 200 OK in 169ms (Views: 164.9ms | ActiveRecord: 0.0ms)


Started GET "/" for ::1 at 2019-05-29 17:26:15 -0400
Processing by StaticPagesController#root as HTML
  Rendering static_pages/root.html within layouts/application
  Rendered static_pages/root.html within layouts/application (0.4ms)
Completed 200 OK in 50ms (Views: 47.1ms | ActiveRecord: 0.0ms)


Started GET "/" for ::1 at 2019-05-29 17:26:37 -0400
Processing by StaticPagesController#root as HTML
  Rendering static_pages/root.html within layouts/application
  Rendered static_pages/root.html within layouts/application (0.3ms)
Completed 200 OK in 83ms (Views: 80.3ms | ActiveRecord: 0.0ms)


Started GET "/" for ::1 at 2019-05-29 17:26:42 -0400
Processing by StaticPagesController#root as HTML
  Rendering static_pages/root.html within layouts/application
  Rendered static_pages/root.html within layouts/application (0.4ms)
Completed 200 OK in 82ms (Views: 76.4ms | ActiveRecord: 0.0ms)


Started GET "/" for ::1 at 2019-05-29 17:27:05 -0400
Processing by StaticPagesController#root as HTML
  Rendering static_pages/root.html within layouts/application
  Rendered static_pages/root.html within layouts/application (0.7ms)
Completed 200 OK in 91ms (Views: 87.1ms | ActiveRecord: 0.0ms)


Started GET "/" for ::1 at 2019-05-29 17:27:10 -0400
Processing by StaticPagesController#root as HTML
  Rendering static_pages/root.html within layouts/application
  Rendered static_pages/root.html within layouts/application (0.3ms)
Completed 200 OK in 73ms (Views: 70.5ms | ActiveRecord: 0.0ms)


Started GET "/" for ::1 at 2019-05-29 17:27:29 -0400
Processing by StaticPagesController#root as HTML
  Rendering static_pages/root.html within layouts/application
  Rendered static_pages/root.html within layouts/application (0.3ms)
Completed 200 OK in 88ms (Views: 84.9ms | ActiveRecord: 0.0ms)


Started GET "/" for ::1 at 2019-05-29 17:27:37 -0400
Processing by StaticPagesController#root as HTML
  Rendering static_pages/root.html within layouts/application
  Rendered static_pages/root.html within layouts/application (0.5ms)
Completed 200 OK in 81ms (Views: 77.7ms | ActiveRecord: 0.0ms)


Started GET "/" for ::1 at 2019-05-29 17:28:10 -0400
Processing by StaticPagesController#root as HTML
  Rendering static_pages/root.html within layouts/application
  Rendered static_pages/root.html within layouts/application (0.3ms)
Completed 200 OK in 73ms (Views: 69.3ms | ActiveRecord: 0.0ms)


Started GET "/" for ::1 at 2019-05-29 17:28:27 -0400
Processing by StaticPagesController#root as HTML
  Rendering static_pages/root.html within layouts/application
  Rendered static_pages/root.html within layouts/application (0.5ms)
Completed 200 OK in 76ms (Views: 72.5ms | ActiveRecord: 0.0ms)


Started GET "/" for ::1 at 2019-05-29 17:28:53 -0400
Processing by StaticPagesController#root as HTML
  Rendering static_pages/root.html within layouts/application
  Rendered static_pages/root.html within layouts/application (0.4ms)
Completed 200 OK in 72ms (Views: 70.4ms | ActiveRecord: 0.0ms)


Started GET "/" for ::1 at 2019-05-29 17:29:19 -0400
Processing by StaticPagesController#root as HTML
  Rendering static_pages/root.html within layouts/application
  Rendered static_pages/root.html within layouts/application (0.4ms)
Completed 200 OK in 100ms (Views: 95.7ms | ActiveRecord: 0.0ms)


Started GET "/" for ::1 at 2019-05-29 17:29:35 -0400
Processing by StaticPagesController#root as HTML
  Rendering static_pages/root.html within layouts/application
  Rendered static_pages/root.html within layouts/application (0.4ms)
Completed 200 OK in 82ms (Views: 77.6ms | ActiveRecord: 0.0ms)


Started GET "/" for ::1 at 2019-05-29 17:29:38 -0400
Processing by StaticPagesController#root as HTML
  Rendering static_pages/root.html within layouts/application
  Rendered static_pages/root.html within layouts/application (0.4ms)
Completed 200 OK in 43ms (Views: 39.3ms | ActiveRecord: 0.0ms)


Started GET "/" for ::1 at 2019-05-29 17:30:53 -0400
Processing by StaticPagesController#root as HTML
  Rendering static_pages/root.html within layouts/application
  Rendered static_pages/root.html within layouts/application (0.4ms)
Completed 200 OK in 134ms (Views: 130.7ms | ActiveRecord: 0.0ms)


Started GET "/" for ::1 at 2019-05-29 17:31:02 -0400
Processing by StaticPagesController#root as HTML
  Rendering static_pages/root.html within layouts/application
  Rendered static_pages/root.html within layouts/application (0.4ms)
Completed 200 OK in 101ms (Views: 97.5ms | ActiveRecord: 0.0ms)


Started GET "/" for ::1 at 2019-05-29 17:31:04 -0400
Processing by StaticPagesController#root as HTML
  Rendering static_pages/root.html within layouts/application
  Rendered static_pages/root.html within layouts/application (0.4ms)
Completed 200 OK in 49ms (Views: 46.9ms | ActiveRecord: 0.0ms)


Started GET "/" for ::1 at 2019-05-29 17:31:18 -0400
Processing by StaticPagesController#root as HTML
  Rendering static_pages/root.html within layouts/application
  Rendered static_pages/root.html within layouts/application (0.4ms)
Completed 200 OK in 75ms (Views: 70.8ms | ActiveRecord: 0.0ms)


Started GET "/" for ::1 at 2019-05-29 17:31:20 -0400
Processing by StaticPagesController#root as HTML
  Rendering static_pages/root.html within layouts/application
  Rendered static_pages/root.html within layouts/application (0.4ms)
Completed 200 OK in 48ms (Views: 45.5ms | ActiveRecord: 0.0ms)


Started POST "/api/session" for ::1 at 2019-05-29 17:33:00 -0400

LoadError - Unable to autoload constant Api::SessionsController, expected /Users/jeffreytseng/Desktop/dropify/app/controllers/api/sessions_controller.rb to define it:

